<?xml version="1.0" encoding="UTF-8"?>
<!-- Generated by org.testng.reporters.JUnitXMLReporter -->
<testsuite ignored="1" hostname="DESKTOP-6H7PVT2" failures="0" tests="1" name="Default test" time="7.248" errors="0" timestamp="13 Feb 2022 20:28:52 GMT">
  <testcase classname="webServicesTest.UserApiTest" name="userPost" time="7.188"/>
  <testcase classname="webServicesTest.UserApiTest" name="VerifyEmailInResponse" time="0.0">
    <ignored/>
  </testcase> <!-- VerifyEmailInResponse -->
</testsuite> <!-- Default test -->
