<?xml version="1.0" encoding="UTF-8"?>
<testng-results ignored="0" total="2" passed="2" failed="0" skipped="0">
  <reporter-output>
  </reporter-output>
  <suite started-at="2022-02-13T21:39:14Z" name="Default suite" finished-at="2022-02-13T21:39:55Z" duration-ms="40664">
    <groups>
    </groups>
    <test started-at="2022-02-13T21:39:14Z" name="Default test" finished-at="2022-02-13T21:39:55Z" duration-ms="40664">
      <class name="eCommerceTest.RegisterTest">
        <test-method is-config="true" signature="openURL()[pri:0, instance:eCommerceTest.RegisterTest@31ea9581]" started-at="2022-02-13T21:39:14Z" name="openURL" finished-at="2022-02-13T21:39:24Z" duration-ms="9479" status="PASS">
          <reporter-output>
          </reporter-output>
        </test-method> <!-- openURL -->
        <test-method signature="verifyRegisterNewUser()[pri:0, instance:eCommerceTest.RegisterTest@31ea9581]" started-at="2022-02-13T21:39:24Z" name="verifyRegisterNewUser" finished-at="2022-02-13T21:39:34Z" duration-ms="10280" status="PASS">
          <reporter-output>
          </reporter-output>
        </test-method> <!-- verifyRegisterNewUser -->
        <test-method is-config="true" signature="tearDown()[pri:0, instance:eCommerceTest.RegisterTest@31ea9581]" started-at="2022-02-13T21:39:34Z" name="tearDown" finished-at="2022-02-13T21:39:35Z" duration-ms="667" status="PASS">
          <reporter-output>
          </reporter-output>
        </test-method> <!-- tearDown -->
        <test-method is-config="true" signature="openURL()[pri:0, instance:eCommerceTest.RegisterTest@31ea9581]" started-at="2022-02-13T21:39:35Z" name="openURL" finished-at="2022-02-13T21:39:42Z" duration-ms="7708" status="PASS">
          <reporter-output>
          </reporter-output>
        </test-method> <!-- openURL -->
        <test-method signature="verifyRegisterWithoutPassword()[pri:0, instance:eCommerceTest.RegisterTest@31ea9581]" started-at="2022-02-13T21:39:42Z" name="verifyRegisterWithoutPassword" finished-at="2022-02-13T21:39:54Z" duration-ms="11814" status="PASS">
          <reporter-output>
          </reporter-output>
        </test-method> <!-- verifyRegisterWithoutPassword -->
        <test-method is-config="true" signature="tearDown()[pri:0, instance:eCommerceTest.RegisterTest@31ea9581]" started-at="2022-02-13T21:39:54Z" name="tearDown" finished-at="2022-02-13T21:39:55Z" duration-ms="639" status="PASS">
          <reporter-output>
          </reporter-output>
        </test-method> <!-- tearDown -->
      </class> <!-- eCommerceTest.RegisterTest -->
    </test> <!-- Default test -->
  </suite> <!-- Default suite -->
</testng-results>
