<?xml version="1.0" encoding="UTF-8"?>
<testng-results ignored="1" total="2" passed="1" failed="0" skipped="0">
  <reporter-output>
  </reporter-output>
  <suite started-at="2022-02-13T20:28:44Z" name="Default suite" finished-at="2022-02-13T20:28:52Z" duration-ms="7248">
    <groups>
    </groups>
    <test started-at="2022-02-13T20:28:44Z" name="Default test" finished-at="2022-02-13T20:28:52Z" duration-ms="7248">
      <class name="webServicesTest.UserApiTest">
        <test-method signature="userPost()[pri:0, instance:webServicesTest.UserApiTest@7a35b0f5]" started-at="2022-02-13T20:28:44Z" name="userPost" finished-at="2022-02-13T20:28:52Z" duration-ms="7188" status="PASS">
          <reporter-output>
          </reporter-output>
        </test-method> <!-- userPost -->
      </class> <!-- webServicesTest.UserApiTest -->
    </test> <!-- Default test -->
  </suite> <!-- Default suite -->
</testng-results>
